<?xml version="1.0" encoding="UTF-8"?>
<testsuite xmlns:xsi="http://www.w3.org/2001/XMLSchema-instance" xsi:noNamespaceSchemaLocation="https://maven.apache.org/surefire/maven-surefire-plugin/xsd/surefire-test-report.xsd" name="TestSuite" time="3.581" tests="1" errors="0" skipped="0" failures="0">
  <properties>
    <property name="sun.desktop" value="windows"/>
    <property name="awt.toolkit" value="sun.awt.windows.WToolkit"/>
    <property name="file.encoding.pkg" value="sun.io"/>
    <property name="java.specification.version" value="1.8"/>
    <property name="sun.cpu.isalist" value="amd64"/>
    <property name="sun.jnu.encoding" value="GBK"/>
    <property name="java.class.path" value="E:\Project\target\test-classes;E:\Project\target\classes;E:\Maven\junit\junit\4.11\junit-4.11.jar;E:\Maven\org\hamcrest\hamcrest-core\1.3\hamcrest-core-1.3.jar;E:\Maven\org\springframework\security\spring-security-core\4.0.2.RELEASE\spring-security-core-4.0.2.RELEASE.jar;E:\Maven\aopalliance\aopalliance\1.0\aopalliance-1.0.jar;E:\Maven\org\springframework\spring-expression\4.1.6.RELEASE\spring-expression-4.1.6.RELEASE.jar;E:\Maven\org\springframework\spring-beans\4.2.2.RELEASE\spring-beans-4.2.2.RELEASE.jar;E:\Maven\org\springframework\spring-context\4.2.2.RELEASE\spring-context-4.2.2.RELEASE.jar;E:\Maven\org\springframework\spring-webmvc\4.2.2.RELEASE\spring-webmvc-4.2.2.RELEASE.jar;E:\Maven\org\springframework\spring-context-support\4.2.2.RELEASE\spring-context-support-4.2.2.RELEASE.jar;E:\Maven\org\quartz-scheduler\quartz\2.2.2\quartz-2.2.2.jar;E:\Maven\c3p0\c3p0\0.9.1.1\c3p0-0.9.1.1.jar;E:\Maven\org\slf4j\slf4j-api\1.7.7\slf4j-api-1.7.7.jar;E:\Maven\org\springframework\spring-jdbc\4.2.2.RELEASE\spring-jdbc-4.2.2.RELEASE.jar;E:\Maven\org\springframework\spring-tx\4.2.2.RELEASE\spring-tx-4.2.2.RELEASE.jar;E:\Maven\org\quartz-scheduler\quartz-jobs\2.2.2\quartz-jobs-2.2.2.jar;E:\Maven\org\springframework\spring-core\4.2.2.RELEASE\spring-core-4.2.2.RELEASE.jar;E:\Maven\commons-logging\commons-logging\1.2\commons-logging-1.2.jar;E:\Maven\org\springframework\spring-aop\4.2.2.RELEASE\spring-aop-4.2.2.RELEASE.jar;E:\Maven\org\springframework\spring-web\4.2.2.RELEASE\spring-web-4.2.2.RELEASE.jar;E:\Maven\commons-dbcp\commons-dbcp\1.4\commons-dbcp-1.4.jar;E:\Maven\commons-pool\commons-pool\1.5.4\commons-pool-1.5.4.jar;E:\Maven\mysql\mysql-connector-java\5.1.29\mysql-connector-java-5.1.29.jar;E:\Maven\commons-io\commons-io\2.4\commons-io-2.4.jar;E:\Maven\commons-fileupload\commons-fileupload\1.2.2\commons-fileupload-1.2.2.jar;E:\Maven\javax\servlet\jstl\1.2\jstl-1.2.jar;E:\Maven\javax\servlet\servlet-api\3.0-alpha-1\servlet-api-3.0-alpha-1.jar;E:\Maven\org\testng\testng\6.8.7\testng-6.8.7.jar;E:\Maven\org\beanshell\bsh\2.0b4\bsh-2.0b4.jar;E:\Maven\com\beust\jcommander\1.27\jcommander-1.27.jar;E:\Maven\org\yaml\snakeyaml\1.12\snakeyaml-1.12.jar;E:\Maven\org\aspectj\aspectjweaver\1.8.6\aspectjweaver-1.8.6.jar;E:\Maven\org\mybatis\mybatis\3.3.0\mybatis-3.3.0.jar;E:\Maven\org\mybatis\mybatis-spring\1.2.3\mybatis-spring-1.2.3.jar;E:\Maven\commons-collections\commons-collections\3.2\commons-collections-3.2.jar;E:\Maven\com\fasterxml\jackson\core\jackson-databind\2.9.5\jackson-databind-2.9.5.jar;E:\Maven\com\fasterxml\jackson\core\jackson-annotations\2.9.0\jackson-annotations-2.9.0.jar;E:\Maven\com\fasterxml\jackson\core\jackson-core\2.9.5\jackson-core-2.9.5.jar;E:\Maven\org\apache\shiro\shiro-core\1.4.0\shiro-core-1.4.0.jar;E:\Maven\org\apache\shiro\shiro-lang\1.4.0\shiro-lang-1.4.0.jar;E:\Maven\org\apache\shiro\shiro-cache\1.4.0\shiro-cache-1.4.0.jar;E:\Maven\org\apache\shiro\shiro-crypto-hash\1.4.0\shiro-crypto-hash-1.4.0.jar;E:\Maven\org\apache\shiro\shiro-crypto-core\1.4.0\shiro-crypto-core-1.4.0.jar;E:\Maven\org\apache\shiro\shiro-crypto-cipher\1.4.0\shiro-crypto-cipher-1.4.0.jar;E:\Maven\org\apache\shiro\shiro-config-core\1.4.0\shiro-config-core-1.4.0.jar;E:\Maven\org\apache\shiro\shiro-config-ogdl\1.4.0\shiro-config-ogdl-1.4.0.jar;E:\Maven\commons-beanutils\commons-beanutils\1.9.3\commons-beanutils-1.9.3.jar;E:\Maven\org\apache\shiro\shiro-event\1.4.0\shiro-event-1.4.0.jar;E:\Maven\org\apache\shiro\shiro-web\1.4.0\shiro-web-1.4.0.jar;E:\Maven\org\apache\shiro\shiro-ehcache\1.4.0\shiro-ehcache-1.4.0.jar;E:\Maven\net\sf\ehcache\ehcache-core\2.6.11\ehcache-core-2.6.11.jar;E:\Maven\org\apache\shiro\shiro-spring\1.4.0\shiro-spring-1.4.0.jar;E:\Maven\com\alibaba\fastjson\1.2.49\fastjson-1.2.49.jar;E:\Maven\net\coobird\thumbnailator\0.4.8\thumbnailator-0.4.8.jar;E:\Maven\org\springframework\spring-test\4.2.2.RELEASE\spring-test-4.2.2.RELEASE.jar;E:\Maven\org\springframework\data\spring-data-redis\1.4.0.RELEASE\spring-data-redis-1.4.0.RELEASE.jar;E:\Maven\redis\clients\jedis\2.6.0\jedis-2.6.0.jar;E:\Maven\org\apache\commons\commons-pool2\2.0\commons-pool2-2.0.jar;E:\Maven\com\qiniu\qiniu-java-sdk\7.2.11\qiniu-java-sdk-7.2.11.jar;E:\Maven\com\squareup\okhttp3\okhttp\3.3.1\okhttp-3.3.1.jar;E:\Maven\com\squareup\okio\okio\1.8.0\okio-1.8.0.jar;E:\Maven\com\google\code\gson\gson\2.6.2\gson-2.6.2.jar;E:\Maven\com\qiniu\happy-dns-java\0.1.4\happy-dns-java-0.1.4.jar;"/>
    <property name="java.vm.vendor" value="Oracle Corporation"/>
    <property name="sun.arch.data.model" value="64"/>
    <property name="user.variant" value=""/>
    <property name="java.vendor.url" value="http://java.oracle.com/"/>
    <property name="user.timezone" value="Asia/Shanghai"/>
    <property name="java.vm.specification.version" value="1.8"/>
    <property name="os.name" value="Windows 10"/>
    <property name="user.country" value="CN"/>
    <property name="sun.java.launcher" value="SUN_STANDARD"/>
    <property name="sun.boot.library.path" value="C:\Program Files\Java\jdk1.8.0_211\jre\bin"/>
    <property name="sun.java.command" value="C:\Users\ZhiFei\AppData\Local\Temp\surefire8009738134732560187\surefirebooter2887585747926127478.jar C:\Users\ZhiFei\AppData\Local\Temp\surefire8009738134732560187 2019-09-01T19-57-40_828-jvmRun1 surefire4318229219264750915tmp surefire_0640747881449384401tmp"/>
    <property name="surefire.test.class.path" value="E:\Project\target\test-classes;E:\Project\target\classes;E:\Maven\junit\junit\4.11\junit-4.11.jar;E:\Maven\org\hamcrest\hamcrest-core\1.3\hamcrest-core-1.3.jar;E:\Maven\org\springframework\security\spring-security-core\4.0.2.RELEASE\spring-security-core-4.0.2.RELEASE.jar;E:\Maven\aopalliance\aopalliance\1.0\aopalliance-1.0.jar;E:\Maven\org\springframework\spring-expression\4.1.6.RELEASE\spring-expression-4.1.6.RELEASE.jar;E:\Maven\org\springframework\spring-beans\4.2.2.RELEASE\spring-beans-4.2.2.RELEASE.jar;E:\Maven\org\springframework\spring-context\4.2.2.RELEASE\spring-context-4.2.2.RELEASE.jar;E:\Maven\org\springframework\spring-webmvc\4.2.2.RELEASE\spring-webmvc-4.2.2.RELEASE.jar;E:\Maven\org\springframework\spring-context-support\4.2.2.RELEASE\spring-context-support-4.2.2.RELEASE.jar;E:\Maven\org\quartz-scheduler\quartz\2.2.2\quartz-2.2.2.jar;E:\Maven\c3p0\c3p0\0.9.1.1\c3p0-0.9.1.1.jar;E:\Maven\org\slf4j\slf4j-api\1.7.7\slf4j-api-1.7.7.jar;E:\Maven\org\springframework\spring-jdbc\4.2.2.RELEASE\spring-jdbc-4.2.2.RELEASE.jar;E:\Maven\org\springframework\spring-tx\4.2.2.RELEASE\spring-tx-4.2.2.RELEASE.jar;E:\Maven\org\quartz-scheduler\quartz-jobs\2.2.2\quartz-jobs-2.2.2.jar;E:\Maven\org\springframework\spring-core\4.2.2.RELEASE\spring-core-4.2.2.RELEASE.jar;E:\Maven\commons-logging\commons-logging\1.2\commons-logging-1.2.jar;E:\Maven\org\springframework\spring-aop\4.2.2.RELEASE\spring-aop-4.2.2.RELEASE.jar;E:\Maven\org\springframework\spring-web\4.2.2.RELEASE\spring-web-4.2.2.RELEASE.jar;E:\Maven\commons-dbcp\commons-dbcp\1.4\commons-dbcp-1.4.jar;E:\Maven\commons-pool\commons-pool\1.5.4\commons-pool-1.5.4.jar;E:\Maven\mysql\mysql-connector-java\5.1.29\mysql-connector-java-5.1.29.jar;E:\Maven\commons-io\commons-io\2.4\commons-io-2.4.jar;E:\Maven\commons-fileupload\commons-fileupload\1.2.2\commons-fileupload-1.2.2.jar;E:\Maven\javax\servlet\jstl\1.2\jstl-1.2.jar;E:\Maven\javax\servlet\servlet-api\3.0-alpha-1\servlet-api-3.0-alpha-1.jar;E:\Maven\org\testng\testng\6.8.7\testng-6.8.7.jar;E:\Maven\org\beanshell\bsh\2.0b4\bsh-2.0b4.jar;E:\Maven\com\beust\jcommander\1.27\jcommander-1.27.jar;E:\Maven\org\yaml\snakeyaml\1.12\snakeyaml-1.12.jar;E:\Maven\org\aspectj\aspectjweaver\1.8.6\aspectjweaver-1.8.6.jar;E:\Maven\org\mybatis\mybatis\3.3.0\mybatis-3.3.0.jar;E:\Maven\org\mybatis\mybatis-spring\1.2.3\mybatis-spring-1.2.3.jar;E:\Maven\commons-collections\commons-collections\3.2\commons-collections-3.2.jar;E:\Maven\com\fasterxml\jackson\core\jackson-databind\2.9.5\jackson-databind-2.9.5.jar;E:\Maven\com\fasterxml\jackson\core\jackson-annotations\2.9.0\jackson-annotations-2.9.0.jar;E:\Maven\com\fasterxml\jackson\core\jackson-core\2.9.5\jackson-core-2.9.5.jar;E:\Maven\org\apache\shiro\shiro-core\1.4.0\shiro-core-1.4.0.jar;E:\Maven\org\apache\shiro\shiro-lang\1.4.0\shiro-lang-1.4.0.jar;E:\Maven\org\apache\shiro\shiro-cache\1.4.0\shiro-cache-1.4.0.jar;E:\Maven\org\apache\shiro\shiro-crypto-hash\1.4.0\shiro-crypto-hash-1.4.0.jar;E:\Maven\org\apache\shiro\shiro-crypto-core\1.4.0\shiro-crypto-core-1.4.0.jar;E:\Maven\org\apache\shiro\shiro-crypto-cipher\1.4.0\shiro-crypto-cipher-1.4.0.jar;E:\Maven\org\apache\shiro\shiro-config-core\1.4.0\shiro-config-core-1.4.0.jar;E:\Maven\org\apache\shiro\shiro-config-ogdl\1.4.0\shiro-config-ogdl-1.4.0.jar;E:\Maven\commons-beanutils\commons-beanutils\1.9.3\commons-beanutils-1.9.3.jar;E:\Maven\org\apache\shiro\shiro-event\1.4.0\shiro-event-1.4.0.jar;E:\Maven\org\apache\shiro\shiro-web\1.4.0\shiro-web-1.4.0.jar;E:\Maven\org\apache\shiro\shiro-ehcache\1.4.0\shiro-ehcache-1.4.0.jar;E:\Maven\net\sf\ehcache\ehcache-core\2.6.11\ehcache-core-2.6.11.jar;E:\Maven\org\apache\shiro\shiro-spring\1.4.0\shiro-spring-1.4.0.jar;E:\Maven\com\alibaba\fastjson\1.2.49\fastjson-1.2.49.jar;E:\Maven\net\coobird\thumbnailator\0.4.8\thumbnailator-0.4.8.jar;E:\Maven\org\springframework\spring-test\4.2.2.RELEASE\spring-test-4.2.2.RELEASE.jar;E:\Maven\org\springframework\data\spring-data-redis\1.4.0.RELEASE\spring-data-redis-1.4.0.RELEASE.jar;E:\Maven\redis\clients\jedis\2.6.0\jedis-2.6.0.jar;E:\Maven\org\apache\commons\commons-pool2\2.0\commons-pool2-2.0.jar;E:\Maven\com\qiniu\qiniu-java-sdk\7.2.11\qiniu-java-sdk-7.2.11.jar;E:\Maven\com\squareup\okhttp3\okhttp\3.3.1\okhttp-3.3.1.jar;E:\Maven\com\squareup\okio\okio\1.8.0\okio-1.8.0.jar;E:\Maven\com\google\code\gson\gson\2.6.2\gson-2.6.2.jar;E:\Maven\com\qiniu\happy-dns-java\0.1.4\happy-dns-java-0.1.4.jar;"/>
    <property name="sun.cpu.endian" value="little"/>
    <property name="user.home" value="C:\Users\ZhiFei"/>
    <property name="user.language" value="zh"/>
    <property name="java.specification.vendor" value="Oracle Corporation"/>
    <property name="java.home" value="C:\Program Files\Java\jdk1.8.0_211\jre"/>
    <property name="basedir" value="E:\Project"/>
    <property name="file.separator" value="\"/>
    <property name="line.separator" value="&#10;"/>
    <property name="java.vm.specification.vendor" value="Oracle Corporation"/>
    <property name="java.specification.name" value="Java Platform API Specification"/>
    <property name="java.awt.graphicsenv" value="sun.awt.Win32GraphicsEnvironment"/>
    <property name="surefire.real.class.path" value="C:\Users\ZhiFei\AppData\Local\Temp\surefire8009738134732560187\surefirebooter2887585747926127478.jar"/>
    <property name="sun.boot.class.path" value="C:\Program Files\Java\jdk1.8.0_211\jre\lib\resources.jar;C:\Program Files\Java\jdk1.8.0_211\jre\lib\rt.jar;C:\Program Files\Java\jdk1.8.0_211\jre\lib\sunrsasign.jar;C:\Program Files\Java\jdk1.8.0_211\jre\lib\jsse.jar;C:\Program Files\Java\jdk1.8.0_211\jre\lib\jce.jar;C:\Program Files\Java\jdk1.8.0_211\jre\lib\charsets.jar;C:\Program Files\Java\jdk1.8.0_211\jre\lib\jfr.jar;C:\Program Files\Java\jdk1.8.0_211\jre\classes"/>
    <property name="user.script" value=""/>
    <property name="sun.management.compiler" value="HotSpot 64-Bit Tiered Compilers"/>
    <property name="java.runtime.version" value="1.8.0_211-b12"/>
    <property name="user.name" value="ZhiFei"/>
    <property name="path.separator" value=";"/>
    <property name="os.version" value="10.0"/>
    <property name="java.endorsed.dirs" value="C:\Program Files\Java\jdk1.8.0_211\jre\lib\endorsed"/>
    <property name="java.runtime.name" value="Java(TM) SE Runtime Environment"/>
    <property name="file.encoding" value="GBK"/>
    <property name="java.vm.name" value="Java HotSpot(TM) 64-Bit Server VM"/>
    <property name="localRepository" value="E:\Maven"/>
    <property name="java.vendor.url.bug" value="http://bugreport.sun.com/bugreport/"/>
    <property name="java.io.tmpdir" value="C:\Users\ZhiFei\AppData\Local\Temp\"/>
    <property name="java.version" value="1.8.0_211"/>
    <property name="user.dir" value="E:\Project"/>
    <property name="os.arch" value="amd64"/>
    <property name="java.vm.specification.name" value="Java Virtual Machine Specification"/>
    <property name="java.awt.printerjob" value="sun.awt.windows.WPrinterJob"/>
    <property name="idea.version2019.1.2" value="true"/>
    <property name="sun.os.patch.level" value=""/>
    <property name="java.library.path" value="C:\Program Files\Java\jdk1.8.0_211\jre\bin;C:\WINDOWS\Sun\Java\bin;C:\WINDOWS\system32;C:\WINDOWS;D:\Xshell\;C:\Program Files (x86)\Common Files\Oracle\Java\javapath;C:\WINDOWS\system32;C:\WINDOWS;C:\WINDOWS\System32\Wbem;C:\WINDOWS\System32\WindowsPowerShell\v1.0\;C:\WINDOWS\System32\OpenSSH\;D:\MySQL\bin;D:\apache-maven-3.6.1\bin\;C:\Program Files\Java\jdk1.8.0_211\bin\;D:\MongoDB\bin;D:\gradle-5.6.1\bin;C:\Users\ZhiFei\AppData\Local\Microsoft\WindowsApps;D:\Bandizip\;C:\Software\Microsoft VS Code\bin;;."/>
    <property name="java.vm.info" value="mixed mode"/>
    <property name="java.vendor" value="Oracle Corporation"/>
    <property name="java.vm.version" value="25.211-b12"/>
    <property name="java.ext.dirs" value="C:\Program Files\Java\jdk1.8.0_211\jre\lib\ext;C:\WINDOWS\Sun\Java\lib\ext"/>
    <property name="sun.io.unicode.encoding" value="UnicodeLittle"/>
    <property name="java.class.version" value="52.0"/>
  </properties>
  <testcase name="getAllArticleByUserID on getAllArticleByUserID(top.wanda92632.blog.dao.TestArticle)" classname="top.wanda92632.blog.dao.TestArticle" time="0.607"/>
</testsuite>