<?xml version="1.0" encoding="UTF-8"?>
<!-- Generated by org.testng.reporters.JUnitReportReporter -->
<testsuite hostname="AAAAAAAAAA" name="top.wanda92632.blog.dao.TestArticle" tests="1" failures="0" timestamp="1 Sep 2019 11:57:48 GMT" time="0.609" errors="0">
  <testcase name="getAllArticleByUserID" time="0.609" classname="top.wanda92632.blog.dao.TestArticle"/>
</testsuite> <!-- top.wanda92632.blog.dao.TestArticle -->
